\BOOKMARK [0][-]{chapter.1}{Introduction}{}% 1
\BOOKMARK [1][-]{section.1.1}{The MariX project}{chapter.1}% 2
\BOOKMARK [1][-]{section.1.2}{BriXS \(Bright compact X-rays Source\)}{chapter.1}% 3
\BOOKMARK [1][-]{section.1.3}{The Laser system}{chapter.1}% 4
\BOOKMARK [2][-]{subsection.1.3.1}{Laser oscillator}{section.1.3}% 5
\BOOKMARK [2][-]{subsection.1.3.2}{Fiber amplifiers}{section.1.3}% 6
\BOOKMARK [2][-]{subsection.1.3.3}{Fabry-Perot cavities}{section.1.3}% 7
\BOOKMARK [2][-]{subsection.1.3.4}{4th armonic generation}{section.1.3}% 8
\BOOKMARK [2][-]{subsection.1.3.5}{Temporal shaping}{section.1.3}% 9
\BOOKMARK [2][-]{subsection.1.3.6}{Spatial shaping}{section.1.3}% 10
\BOOKMARK [2][-]{subsection.1.3.7}{Mach-Zender amplitude modulator}{section.1.3}% 11
\BOOKMARK [2][-]{subsection.1.3.8}{Stabilization systems}{section.1.3}% 12
\BOOKMARK [0][-]{chapter.2}{Theoretical concepts}{}% 13
\BOOKMARK [1][-]{section.2.1}{The inverse Compton scattering process}{chapter.2}% 14
\BOOKMARK [2][-]{subsection.2.1.1}{Direct Compton and Thomson scattering}{section.2.1}% 15
\BOOKMARK [2][-]{subsection.2.1.2}{Inverse Compton scattering}{section.2.1}% 16
\BOOKMARK [1][-]{section.2.2}{Optical cavities}{chapter.2}% 17
\BOOKMARK [2][-]{subsection.2.2.1}{Ray optics and the ABCD matrix formalism}{section.2.2}% 18
\BOOKMARK [2][-]{subsection.2.2.2}{Longitudinal and transverse modes}{section.2.2}% 19
\BOOKMARK [2][-]{subsection.2.2.3}{Cavity Finesse and enhancement of the optical power}{section.2.2}% 20
\BOOKMARK [2][-]{subsection.2.2.4}{Spectral coupling between cavity and oscillator}{section.2.2}% 21
\BOOKMARK [2][-]{subsection.2.2.5}{Thermal effects and the compensation method}{section.2.2}% 22
\BOOKMARK [0][-]{chapter.3}{Stabilization through feedback}{}% 23
\BOOKMARK [1][-]{section.3.1}{The PDH technique}{chapter.3}% 24
\BOOKMARK [1][-]{section.3.2}{Feedback system}{chapter.3}% 25
\BOOKMARK [0][-]{chapter.4}{Experimental Results}{}% 26
\BOOKMARK [1][-]{section.4.1}{Experimental setup}{chapter.4}% 27
\BOOKMARK [2][-]{subsection.4.1.1}{Bow-tie cavities}{section.4.1}% 28
\BOOKMARK [2][-]{subsection.4.1.2}{The PDH stabilization systems}{section.4.1}% 29
\BOOKMARK [1][-]{section.4.2}{Experimental measurements}{chapter.4}% 30
\BOOKMARK [2][-]{subsection.4.2.1}{Cavity Finesse measurement}{section.4.2}% 31
\BOOKMARK [2][-]{subsection.4.2.2}{Power Spectral Density Noise measurement}{section.4.2}% 32
\BOOKMARK [2][-]{subsection.4.2.3}{Spatial and spectral coupling}{section.4.2}% 33
\BOOKMARK [2][-]{subsection.4.2.4}{Compensation method}{section.4.2}% 34
\BOOKMARK [2][-]{subsection.4.2.5}{Cavity waist movement}{section.4.2}% 35
\BOOKMARK [0][-]{chapter.5}{Conclusions}{}% 36
